MPASM  5.30.01                           4_1.ASM   10-28-2019  13:03:38         PAGE  1


LOC  OBJECT CODE     LINE SOURCE TEXT
  VALUE

                      00001 #include<p16f84.inc>
                      00001         LIST
                      00002 ; P16F84.INC  Standard Header File, Version 2.00    Microchip Technology, Inc.
                      00136         LIST
                      00002 ;start movlw b'00001000'
Warning[203]: Found opcode in column 1. (option)
Warning[224]: Use of this instruction is not recommended.
0000   0062           00003 option
Warning[203]: Found opcode in column 1. (nop)
0001   0000           00004 nop
0002   0064           00005 start clrwdt
Warning[203]: Found opcode in column 1. (nop)
0003   0000           00006 nop
Warning[203]: Found opcode in column 1. (goto)
0004   2802           00007 goto start
Warning[205]: Found directive in column 1. (end)
                      00008 end
MPASM  5.30.01                           4_1.ASM   10-28-2019  13:03:38         PAGE  2


SYMBOL TABLE
  LABEL                             VALUE 

C                                 00000000
DC                                00000001
EEADR                             00000009
EECON1                            00000088
EECON2                            00000089
EEDATA                            00000008
EEIE                              00000006
EEIF                              00000004
F                                 00000001
FSR                               00000004
GIE                               00000007
INDF                              00000000
INTCON                            0000000B
INTE                              00000004
INTEDG                            00000006
INTF                              00000001
IRP                               00000007
NOT_PD                            00000003
NOT_RBPU                          00000007
NOT_TO                            00000004
OPTION_REG                        00000081
PCL                               00000002
PCLATH                            0000000A
PORTA                             00000005
PORTB                             00000006
PS0                               00000000
PS1                               00000001
PS2                               00000002
PSA                               00000003
RBIE                              00000003
RBIF                              00000000
RD                                00000000
RP0                               00000005
RP1                               00000006
STATUS                            00000003
T0CS                              00000005
T0IE                              00000005
T0IF                              00000002
T0SE                              00000004
TMR0                              00000001
TRISA                             00000085
TRISB                             00000086
W                                 00000000
WR                                00000001
WREN                              00000002
WRERR                             00000003
Z                                 00000002
_CP_OFF                           00003FFF
_CP_ON                            0000000F
_HS_OSC                           00003FFE
_LP_OSC                           00003FFC
_PWRTE_OFF                        00003FFF
_PWRTE_ON                         00003FF7
MPASM  5.30.01                           4_1.ASM   10-28-2019  13:03:38         PAGE  3


SYMBOL TABLE
  LABEL                             VALUE 

_RC_OSC                           00003FFF
_WDT_OFF                          00003FFB
_WDT_ON                           00003FFF
_XT_OSC                           00003FFD
__16F84                           00000001
__DEBUG                           1
start                             00000002


MEMORY USAGE MAP ('X' = Used,  '-' = Unused)

0000 : XXXXX----------- ---------------- ---------------- ----------------

All other memory blocks unused.

Program Memory Words Used:     5
Program Memory Words Free:  1019


Errors   :     0
Warnings :     6 reported,     0 suppressed
Messages :     0 reported,     0 suppressed

